This is pdfTeX, Version 3.14159265-2.6-1.40.19 (TeX Live 2018/W32TeX) (preloaded format=pdflatex 2018.7.21)  29 OCT 2019 11:28
entering extended mode
 restricted \write18 enabled.
 %&-line parsing enabled.
**OffsetPrinting.tex
(./OffsetPrinting.tex
LaTeX2e <2018-04-01> patch level 2
Babel <3.18> and hyphenation patterns for 84 language(s) loaded.
(c:/usr/texlive/2018/texmf-dist/tex/latex/elsarticle/elsarticle.cls
Document Class: elsarticle 2009/09/17, 1.2.0: Elsevier Ltd
\@bls=\dimen102
(c:/usr/texlive/2018/texmf-dist/tex/latex/base/article.cls
Document Class: article 2014/09/29 v1.4h Standard LaTeX document class
(c:/usr/texlive/2018/texmf-dist/tex/latex/base/size10.clo
File: size10.clo 2014/09/29 v1.4h Standard LaTeX file (size option)
)
\c@part=\count80
\c@section=\count81
\c@subsection=\count82
\c@subsubsection=\count83
\c@paragraph=\count84
\c@subparagraph=\count85
\c@figure=\count86
\c@table=\count87
\abovecaptionskip=\skip41
\belowcaptionskip=\skip42
\bibindent=\dimen103
)
(c:/usr/texlive/2018/texmf-dist/tex/latex/graphics/graphicx.sty
Package: graphicx 2017/06/01 v1.1a Enhanced LaTeX Graphics (DPC,SPQR)

(c:/usr/texlive/2018/texmf-dist/tex/latex/graphics/keyval.sty
Package: keyval 2014/10/28 v1.15 key=value parser (DPC)
\KV@toks@=\toks14
)
(c:/usr/texlive/2018/texmf-dist/tex/latex/graphics/graphics.sty
Package: graphics 2017/06/25 v1.2c Standard LaTeX Graphics (DPC,SPQR)

(c:/usr/texlive/2018/texmf-dist/tex/latex/graphics/trig.sty
Package: trig 2016/01/03 v1.10 sin cos tan (DPC)
)
(c:/usr/texlive/2018/texmf-dist/tex/latex/graphics-cfg/graphics.cfg
File: graphics.cfg 2016/06/04 v1.11 sample graphics configuration
)
Package graphics Info: Driver file: pdftex.def on input line 99.

(c:/usr/texlive/2018/texmf-dist/tex/latex/graphics-def/pdftex.def
File: pdftex.def 2018/01/08 v1.0l Graphics/color driver for pdftex
))
\Gin@req@height=\dimen104
\Gin@req@width=\dimen105
)
(c:/usr/texlive/2018/texmf-dist/tex/latex/psnfss/pifont.sty
Package: pifont 2005/04/12 PSNFSS-v9.2a Pi font support (SPQR) 
LaTeX Font Info:    Try loading font information for U+pzd on input line 63.

(c:/usr/texlive/2018/texmf-dist/tex/latex/psnfss/upzd.fd
File: upzd.fd 2001/06/04 font definitions for U/pzd.
)
LaTeX Font Info:    Try loading font information for U+psy on input line 64.

(c:/usr/texlive/2018/texmf-dist/tex/latex/psnfss/upsy.fd
File: upsy.fd 2001/06/04 font definitions for U/psy.
))
\c@tnote=\count88
\c@fnote=\count89
\c@cnote=\count90
\c@ead=\count91
\c@author=\count92
\@eadauthor=\toks15
\c@affn=\count93
\absbox=\box26
\keybox=\box27
\Columnwidth=\dimen106
\space@left=\dimen107
\els@boxa=\box28
\els@boxb=\box29
\leftMargin=\dimen108
\@enLab=\toks16
\@sep=\skip43
\@@sep=\skip44

(./OffsetPrinting.spl)
(c:/usr/texlive/2018/texmf-dist/tex/latex/natbib/natbib.sty
Package: natbib 2010/09/13 8.31b (PWD, AO)
\bibhang=\skip45
\bibsep=\skip46
LaTeX Info: Redefining \cite on input line 694.
\c@NAT@ctr=\count94
)
\splwrite=\write3
\openout3 = `OffsetPrinting.spl'.

)
(c:/usr/texlive/2018/texmf-dist/tex/latex/lineno/lineno.sty
Package: lineno 2005/11/02 line numbers on paragraphs v4.41
\linenopenalty=\count95
\output=\toks17
\linenoprevgraf=\count96
\linenumbersep=\dimen109
\linenumberwidth=\dimen110
\c@linenumber=\count97
\c@pagewiselinenumber=\count98
\c@LN@truepage=\count99
\c@internallinenumber=\count100
\c@internallinenumbers=\count101
\quotelinenumbersep=\dimen111
\bframerule=\dimen112
\bframesep=\dimen113
\bframebox=\box30
LaTeX Info: Redefining \\ on input line 3056.
)
(c:/usr/texlive/2018/texmf-dist/tex/latex/hyperref/hyperref.sty
Package: hyperref 2018/02/06 v6.86b Hypertext links for LaTeX

(c:/usr/texlive/2018/texmf-dist/tex/generic/oberdiek/hobsub-hyperref.sty
Package: hobsub-hyperref 2016/05/16 v1.14 Bundle oberdiek, subset hyperref (HO)


(c:/usr/texlive/2018/texmf-dist/tex/generic/oberdiek/hobsub-generic.sty
Package: hobsub-generic 2016/05/16 v1.14 Bundle oberdiek, subset generic (HO)
Package: hobsub 2016/05/16 v1.14 Construct package bundles (HO)
Package: infwarerr 2016/05/16 v1.4 Providing info/warning/error messages (HO)
Package: ltxcmds 2016/05/16 v1.23 LaTeX kernel commands for general use (HO)
Package: ifluatex 2016/05/16 v1.4 Provides the ifluatex switch (HO)
Package ifluatex Info: LuaTeX not detected.
Package: ifvtex 2016/05/16 v1.6 Detect VTeX and its facilities (HO)
Package ifvtex Info: VTeX not detected.
Package: intcalc 2016/05/16 v1.2 Expandable calculations with integers (HO)
Package: ifpdf 2017/03/15 v3.2 Provides the ifpdf switch
Package: etexcmds 2016/05/16 v1.6 Avoid name clashes with e-TeX commands (HO)
Package etexcmds Info: Could not find \expanded.
(etexcmds)             That can mean that you are not using pdfTeX 1.50 or
(etexcmds)             that some package has redefined \expanded.
(etexcmds)             In the latter case, load this package earlier.
Package: kvsetkeys 2016/05/16 v1.17 Key value parser (HO)
Package: kvdefinekeys 2016/05/16 v1.4 Define keys (HO)
Package: pdftexcmds 2018/01/30 v0.27 Utility functions of pdfTeX for LuaTeX (HO
)
Package pdftexcmds Info: LuaTeX not detected.
Package pdftexcmds Info: \pdf@primitive is available.
Package pdftexcmds Info: \pdf@ifprimitive is available.
Package pdftexcmds Info: \pdfdraftmode found.
Package: pdfescape 2016/05/16 v1.14 Implements pdfTeX's escape features (HO)
Package: bigintcalc 2016/05/16 v1.4 Expandable calculations on big integers (HO
)
Package: bitset 2016/05/16 v1.2 Handle bit-vector datatype (HO)
Package: uniquecounter 2016/05/16 v1.3 Provide unlimited unique counter (HO)
)
Package hobsub Info: Skipping package `hobsub' (already loaded).
Package: letltxmacro 2016/05/16 v1.5 Let assignment for LaTeX macros (HO)
Package: hopatch 2016/05/16 v1.3 Wrapper for package hooks (HO)
Package: xcolor-patch 2016/05/16 xcolor patch
Package: atveryend 2016/05/16 v1.9 Hooks at the very end of document (HO)
Package atveryend Info: \enddocument detected (standard20110627).
Package: atbegshi 2016/06/09 v1.18 At begin shipout hook (HO)
Package: refcount 2016/05/16 v3.5 Data extraction from label references (HO)
Package: hycolor 2016/05/16 v1.8 Color options for hyperref/bookmark (HO)
)
(c:/usr/texlive/2018/texmf-dist/tex/generic/ifxetex/ifxetex.sty
Package: ifxetex 2010/09/12 v0.6 Provides ifxetex conditional
)
(c:/usr/texlive/2018/texmf-dist/tex/latex/oberdiek/auxhook.sty
Package: auxhook 2016/05/16 v1.4 Hooks for auxiliary files (HO)
)
(c:/usr/texlive/2018/texmf-dist/tex/latex/oberdiek/kvoptions.sty
Package: kvoptions 2016/05/16 v3.12 Key value format for package options (HO)
)
\@linkdim=\dimen114
\Hy@linkcounter=\count102
\Hy@pagecounter=\count103

(c:/usr/texlive/2018/texmf-dist/tex/latex/hyperref/pd1enc.def
File: pd1enc.def 2018/02/06 v6.86b Hyperref: PDFDocEncoding definition (HO)
Now handling font encoding PD1 ...
... no UTF-8 mapping file for font encoding PD1
)
\Hy@SavedSpaceFactor=\count104

(c:/usr/texlive/2018/texmf-dist/tex/latex/latexconfig/hyperref.cfg
File: hyperref.cfg 2002/06/06 v1.2 hyperref configuration of TeXLive
)
Package hyperref Info: Hyper figures OFF on input line 4509.
Package hyperref Info: Link nesting OFF on input line 4514.
Package hyperref Info: Hyper index ON on input line 4517.
Package hyperref Info: Plain pages OFF on input line 4524.
Package hyperref Info: Backreferencing OFF on input line 4529.
Package hyperref Info: Implicit mode ON; LaTeX internals redefined.
Package hyperref Info: Bookmarks ON on input line 4762.
\c@Hy@tempcnt=\count105

(c:/usr/texlive/2018/texmf-dist/tex/latex/url/url.sty
\Urlmuskip=\muskip10
Package: url 2013/09/16  ver 3.4  Verb mode for urls, etc.
)
LaTeX Info: Redefining \url on input line 5115.
\XeTeXLinkMargin=\dimen115
\Fld@menulength=\count106
\Field@Width=\dimen116
\Fld@charsize=\dimen117
Package hyperref Info: Hyper figures OFF on input line 6369.
Package hyperref Info: Link nesting OFF on input line 6374.
Package hyperref Info: Hyper index ON on input line 6377.
Package hyperref Info: backreferencing OFF on input line 6384.
Package hyperref Info: Link coloring OFF on input line 6389.
Package hyperref Info: Link coloring with OCG OFF on input line 6394.
Package hyperref Info: PDF/A mode OFF on input line 6399.
LaTeX Info: Redefining \ref on input line 6439.
LaTeX Info: Redefining \pageref on input line 6443.
\Hy@abspage=\count107
\c@Item=\count108
\c@Hfootnote=\count109
)
Package hyperref Info: Driver (autodetected): hpdftex.

(c:/usr/texlive/2018/texmf-dist/tex/latex/hyperref/hpdftex.def
File: hpdftex.def 2018/02/06 v6.86b Hyperref driver for pdfTeX
\Fld@listcount=\count110
\c@bookmark@seq@number=\count111

(c:/usr/texlive/2018/texmf-dist/tex/latex/oberdiek/rerunfilecheck.sty
Package: rerunfilecheck 2016/05/16 v1.8 Rerun checks for auxiliary files (HO)
Package uniquecounter Info: New unique counter `rerunfilecheck' on input line 2
82.
)
\Hy@SectionHShift=\skip47
)
(c:/usr/texlive/2018/texmf-dist/tex/latex/tools/enumerate.sty
Package: enumerate 2015/07/23 v3.00 enumerate extensions (DPC)
\@enLab=\toks18
)
(c:/usr/texlive/2018/texmf-dist/tex/latex/tools/array.sty
Package: array 2018/04/07 v2.4g Tabular extension package (FMi)
\col@sep=\dimen118
\ar@mcellbox=\box31
\extrarowheight=\dimen119
\NC@list=\toks19
\extratabsurround=\skip48
\backup@length=\skip49
\ar@cellbox=\box32
)
(c:/usr/texlive/2018/texmf-dist/tex/latex/arydshln/arydshln.sty
Package: arydshln 2016/04/28 v1.73 
\dashlinedash=\dimen120
\dashlinegap=\dimen121
\adl@box=\box33
\adl@height=\dimen122
\adl@heightsave=\dimen123
\adl@depth=\dimen124
\adl@depthsave=\dimen125
\adl@finaldepth=\dimen126
\adl@columns=\count112
\adl@ncol=\count113
\adl@currentcolumn=\count114
\adl@currentcolumnsave=\count115
\adl@totalheight=\count116
\adl@totalheightsave=\count117
\adl@dash=\count118
\adl@gap=\count119
\adl@cla=\count120
\adl@clb=\count121
\adl@everyvbox=\toks20
\adl@LTpagetotal=\dimen127
)
(c:/usr/texlive/2018/texmf-dist/tex/latex/wrapfig/wrapfig.sty
\wrapoverhang=\dimen128
\WF@size=\dimen129
\c@WF@wrappedlines=\count122
\WF@box=\box34
\WF@everypar=\toks21
Package: wrapfig 2003/01/31  v 3.6
)
(./OffsetPrinting.aux)
\openout1 = `OffsetPrinting.aux'.

LaTeX Font Info:    Checking defaults for OML/cmm/m/it on input line 53.
LaTeX Font Info:    ... okay on input line 53.
LaTeX Font Info:    Checking defaults for T1/cmr/m/n on input line 53.
LaTeX Font Info:    ... okay on input line 53.
LaTeX Font Info:    Checking defaults for OT1/cmr/m/n on input line 53.
LaTeX Font Info:    ... okay on input line 53.
LaTeX Font Info:    Checking defaults for OMS/cmsy/m/n on input line 53.
LaTeX Font Info:    ... okay on input line 53.
LaTeX Font Info:    Checking defaults for OMX/cmex/m/n on input line 53.
LaTeX Font Info:    ... okay on input line 53.
LaTeX Font Info:    Checking defaults for U/cmr/m/n on input line 53.
LaTeX Font Info:    ... okay on input line 53.
LaTeX Font Info:    Checking defaults for PD1/pdf/m/n on input line 53.
LaTeX Font Info:    ... okay on input line 53.

(c:/usr/texlive/2018/texmf-dist/tex/context/base/mkii/supp-pdf.mkii
[Loading MPS to PDF converter (version 2006.09.02).]
\scratchcounter=\count123
\scratchdimen=\dimen130
\scratchbox=\box35
\nofMPsegments=\count124
\nofMParguments=\count125
\everyMPshowfont=\toks22
\MPscratchCnt=\count126
\MPscratchDim=\dimen131
\MPnumerator=\count127
\makeMPintoPDFobject=\count128
\everyMPtoPDFconversion=\toks23
) (c:/usr/texlive/2018/texmf-dist/tex/latex/oberdiek/epstopdf-base.sty
Package: epstopdf-base 2016/05/15 v2.6 Base part for package epstopdf

(c:/usr/texlive/2018/texmf-dist/tex/latex/oberdiek/grfext.sty
Package: grfext 2016/05/16 v1.2 Manage graphics extensions (HO)
)
Package epstopdf-base Info: Redefining graphics rule for `.eps' on input line 4
38.
Package grfext Info: Graphics extension search list:
(grfext)             [.pdf,.png,.jpg,.mps,.jpeg,.jbig2,.jb2,.PDF,.PNG,.JPG,.JPE
G,.JBIG2,.JB2,.eps]
(grfext)             \AppendGraphicsExtensions on input line 456.

(c:/usr/texlive/2018/texmf-dist/tex/latex/latexconfig/epstopdf-sys.cfg
File: epstopdf-sys.cfg 2010/07/13 v1.3 Configuration of (r)epstopdf for TeX Liv
e
))
\AtBeginShipoutBox=\box36
Package hyperref Info: Link coloring OFF on input line 53.

(c:/usr/texlive/2018/texmf-dist/tex/latex/hyperref/nameref.sty
Package: nameref 2016/05/21 v2.44 Cross-referencing by name of section

(c:/usr/texlive/2018/texmf-dist/tex/generic/oberdiek/gettitlestring.sty
Package: gettitlestring 2016/05/16 v1.5 Cleanup title references (HO)
)
\c@section@level=\count129
)
LaTeX Info: Redefining \ref on input line 53.
LaTeX Info: Redefining \pageref on input line 53.
LaTeX Info: Redefining \nameref on input line 53.

(./OffsetPrinting.out) (./OffsetPrinting.out)
\@outlinefile=\write4
\openout4 = `OffsetPrinting.out'.

LaTeX Font Info:    External font `cmex10' loaded for size
(Font)              <8> on input line 108.
LaTeX Font Info:    External font `cmex10' loaded for size
(Font)              <6> on input line 108.
LaTeX Font Info:    External font `cmex10' loaded for size
(Font)              <5> on input line 108.
LaTeX Font Info:    External font `cmex10' loaded for size
(Font)              <7> on input line 108.
 [1


{c:/usr/texlive/2018/texmf-var/fonts/map/pdftex/updmap/pdftex.map}]

pdfTeX warning: pdflatex.exe (file ./OffsetPrint.pdf): PDF inclusion: found PDF
 version <1.7>, but at most version <1.5> allowed
<OffsetPrint.pdf, id=62, 277.035pt x 85.06781pt>
File: OffsetPrint.pdf Graphic file (type pdf)
<use OffsetPrint.pdf>
Package pdftex.def Info: OffsetPrint.pdf  used on input line 148.
(pdftex.def)             Requested size: 199.16928pt x 61.1579pt.

LaTeX Warning: `!h' float specifier changed to `!ht'.

[2]

pdfTeX warning: pdflatex.exe (file ./AirHuarache.pdf): PDF inclusion: found PDF
 version <1.7>, but at most version <1.5> allowed
<AirHuarache.pdf, id=85, 203.25937pt x 100.87688pt>
File: AirHuarache.pdf Graphic file (type pdf)
<use AirHuarache.pdf>
Package pdftex.def Info: AirHuarache.pdf  used on input line 165.
(pdftex.def)             Requested size: 184.9429pt x 91.79039pt.

LaTeX Warning: `!h' float specifier changed to `!ht'.

[3 <./OffsetPrint.pdf>]

LaTeX Warning: The counter will not be printed.
             The label is: * on input line 180.



pdfTeX warning: pdflatex.exe (file ./PlateLabel.pdf): PDF inclusion: found PDF 
version <1.7>, but at most version <1.5> allowed
<PlateLabel.pdf, id=99, 158.09062pt x 171.64125pt>
File: PlateLabel.pdf Graphic file (type pdf)
<use PlateLabel.pdf>
Package pdftex.def Info: PlateLabel.pdf  used on input line 186.
(pdftex.def)             Requested size: 113.81102pt x 123.56848pt.
[4 <./AirHuarache.pdf> <./PlateLabel.pdf>]

pdfTeX warning: pdflatex.exe (file ./OrderForm.pdf): PDF inclusion: found PDF v
ersion <1.7>, but at most version <1.5> allowed
<OrderForm.pdf, id=112, 185.94469pt x 140.02313pt>
File: OrderForm.pdf Graphic file (type pdf)
<use OrderForm.pdf>
Package pdftex.def Info: OrderForm.pdf  used on input line 203.
(pdftex.def)             Requested size: 185.94421pt x 140.02278pt.


pdfTeX warning: pdflatex.exe (file ./SortingReport.pdf): PDF inclusion: found P
DF version <1.7>, but at most version <1.5> allowed
<SortingReport.pdf, id=113, 206.27063pt x 133.24782pt>
File: SortingReport.pdf Graphic file (type pdf)
<use SortingReport.pdf>
Package pdftex.def Info: SortingReport.pdf  used on input line 203.
(pdftex.def)             Requested size: 206.27011pt x 133.24748pt.
[5 <./OrderForm.pdf> <./SortingReport.pdf>] [6]

pdfTeX warning: pdflatex.exe (file ./MainFChart.pdf): PDF inclusion: found PDF 
version <1.7>, but at most version <1.5> allowed
<MainFChart.pdf, id=128, 127.97812pt x 298.11375pt>
File: MainFChart.pdf Graphic file (type pdf)
<use MainFChart.pdf>
Package pdftex.def Info: MainFChart.pdf  used on input line 251.
(pdftex.def)             Requested size: 85.35826pt x 198.8345pt.


pdfTeX warning: pdflatex.exe (file ./SubFChart.pdf): PDF inclusion: found PDF v
ersion <1.7>, but at most version <1.5> allowed
<SubFChart.pdf, id=130, 237.88875pt x 243.15843pt>
File: SubFChart.pdf Graphic file (type pdf)
<use SubFChart.pdf>
Package pdftex.def Info: SubFChart.pdf  used on input line 261.
(pdftex.def)             Requested size: 142.26378pt x 145.42126pt.

LaTeX Warning: `!h' float specifier changed to `!ht'.

[7 <./MainFChart.pdf>]

pdfTeX warning: pdflatex.exe (file ./ex11.pdf): PDF inclusion: found PDF versio
n <1.7>, but at most version <1.5> allowed
<ex11.pdf, id=142, 293.59688pt x 184.43906pt>
File: ex11.pdf Graphic file (type pdf)
<use ex11.pdf>
Package pdftex.def Info: ex11.pdf  used on input line 304.
(pdftex.def)             Requested size: 170.71652pt x 107.24489pt.

LaTeX Warning: `!h' float specifier changed to `!ht'.

[8 <./SubFChart.pdf>]

pdfTeX warning: pdflatex.exe (file ./ex12.pdf): PDF inclusion: found PDF versio
n <1.7>, but at most version <1.5> allowed
<ex12.pdf, id=157, 143.03438pt x 225.84375pt>
File: ex12.pdf Graphic file (type pdf)
<use ex12.pdf>
Package pdftex.def Info: ex12.pdf  used on input line 319.
(pdftex.def)             Requested size: 85.35826pt x 134.7767pt.
[9 <./ex11.pdf> <./ex12.pdf>]

pdfTeX warning: pdflatex.exe (file ./ex21.pdf): PDF inclusion: found PDF versio
n <1.7>, but at most version <1.5> allowed
<ex21.pdf, id=170, 137.7647pt x 164.86594pt>
File: ex21.pdf Graphic file (type pdf)
<use ex21.pdf>
Package pdftex.def Info: ex21.pdf  used on input line 336.
(pdftex.def)             Requested size: 85.35826pt x 102.15291pt.


pdfTeX warning: pdflatex.exe (file ./ex22.pdf): PDF inclusion: found PDF versio
n <1.7>, but at most version <1.5> allowed
<ex22.pdf, id=174, 130.98938pt x 156.585pt>
File: ex22.pdf Graphic file (type pdf)
<use ex22.pdf>
Package pdftex.def Info: ex22.pdf  used on input line 349.
(pdftex.def)             Requested size: 85.35826pt x 102.03946pt.
[10 <./ex21.pdf> <./ex22.pdf>]
<Graph_2.png, id=185, 1395.71437pt x 754.31813pt>
File: Graph_2.png Graphic file (type png)
<use Graph_2.png>
Package pdftex.def Info: Graph_2.png  used on input line 364.
(pdftex.def)             Requested size: 345.0pt x 186.44972pt.


LaTeX Warning: The counter will not be printed.
             The label is: $\bullet $ on input line 371.

[11 <./Graph_2.png (PNG copy)>]
<vartest.png, id=200, 502.87875pt x 172.39406pt>
File: vartest.png Graphic file (type png)
<use vartest.png>
Package pdftex.def Info: vartest.png  used on input line 390.
(pdftex.def)             Requested size: 256.0748pt x 87.78564pt.
<ttest.png, id=203, 510.40688pt x 177.66376pt>
File: ttest.png Graphic file (type png)
<use ttest.png>
Package pdftex.def Info: ttest.png  used on input line 402.
(pdftex.def)             Requested size: 256.0748pt x 89.13799pt.
 [12 <./vartest.png> <./ttest.png>]
<Graph_3.png, id=214, 501.37312pt x 414.79968pt>
File: Graph_3.png Graphic file (type png)
<use Graph_3.png>
Package pdftex.def Info: Graph_3.png  used on input line 423.
(pdftex.def)             Requested size: 256.0748pt x 211.86783pt.

(./OffsetPrinting.bbl [13 <./Graph_3.png (PNG copy)>]
Underfull \hbox (badness 10000) in paragraph at lines 12--14
[]\OT1/cmr/m/n/10 Encyclop^^Zdia Bri-tan-nica, inc., ``off-set print-ing'',
 []

)
Package atveryend Info: Empty hook `BeforeClearDocument' on input line 435.
 [14]
Package atveryend Info: Empty hook `AfterLastShipout' on input line 435.
 (./OffsetPrinting.aux)
Package atveryend Info: Executing hook `AtVeryEndDocument' on input line 435.
Package atveryend Info: Executing hook `AtEndAfterFileList' on input line 435.
Package rerunfilecheck Info: File `OffsetPrinting.out' has not changed.
(rerunfilecheck)             Checksum: FB9A0982987C5F48C202A304399AEF24;479.
Package atveryend Info: Empty hook `AtVeryVeryEnd' on input line 435.
 ) 
Here is how much of TeX's memory you used:
 6304 strings out of 492649
 91016 string characters out of 6131492
 185928 words of memory out of 5000000
 10040 multiletter control sequences out of 15000+600000
 8893 words of font info for 31 fonts, out of 8000000 for 9000
 1141 hyphenation exceptions out of 8191
 32i,8n,30p,747b,429s stack positions out of 5000i,500n,10000p,200000b,80000s
<c:/usr/texlive/2018/texmf-dist/fonts/type1/public/amsfonts/cm/cmbx10.pfb><c:
/usr/texlive/2018/texmf-dist/fonts/type1/public/amsfonts/cm/cmbx7.pfb><c:/usr/t
exlive/2018/texmf-dist/fonts/type1/public/amsfonts/cm/cmex10.pfb><c:/usr/texliv
e/2018/texmf-dist/fonts/type1/public/amsfonts/cm/cmmi10.pfb><c:/usr/texlive/201
8/texmf-dist/fonts/type1/public/amsfonts/cm/cmmi7.pfb><c:/usr/texlive/2018/texm
f-dist/fonts/type1/public/amsfonts/cm/cmr10.pfb><c:/usr/texlive/2018/texmf-dist
/fonts/type1/public/amsfonts/cm/cmr12.pfb><c:/usr/texlive/2018/texmf-dist/fonts
/type1/public/amsfonts/cm/cmr5.pfb><c:/usr/texlive/2018/texmf-dist/fonts/type1/
public/amsfonts/cm/cmr7.pfb><c:/usr/texlive/2018/texmf-dist/fonts/type1/public/
amsfonts/cm/cmr8.pfb><c:/usr/texlive/2018/texmf-dist/fonts/type1/public/amsfont
s/cm/cmss8.pfb><c:/usr/texlive/2018/texmf-dist/fonts/type1/public/amsfonts/cm/c
msy10.pfb><c:/usr/texlive/2018/texmf-dist/fonts/type1/public/amsfonts/cm/cmsy6.
pfb><c:/usr/texlive/2018/texmf-dist/fonts/type1/public/amsfonts/cm/cmsy7.pfb><c
:/usr/texlive/2018/texmf-dist/fonts/type1/public/amsfonts/cm/cmti10.pfb><c:/usr
/texlive/2018/texmf-dist/fonts/type1/public/amsfonts/cm/cmti7.pfb><c:/usr/texli
ve/2018/texmf-dist/fonts/type1/public/amsfonts/cm/cmti8.pfb><c:/usr/texlive/201
8/texmf-dist/fonts/type1/public/amsfonts/cm/cmtt8.pfb>
Output written on OffsetPrinting.pdf (14 pages, 612793 bytes).
PDF statistics:
 304 PDF objects out of 1000 (max. 8388607)
 239 compressed objects within 3 object streams
 76 named destinations out of 1000 (max. 500000)
 140 words of extra memory for PDF output out of 10000 (max. 10000000)

