This is pdfTeX, Version 3.14159265-2.6-1.40.21 (TeX Live 2020/W32TeX) (preloaded format=pdflatex 2020.6.9)  25 AUG 2020 14:23
entering extended mode
 restricted \write18 enabled.
 %&-line parsing enabled.
**OffsetPrinting.tex
(./OffsetPrinting.tex
LaTeX2e <2020-02-02> patch level 5
L3 programming layer <2020-03-06>
(c:/usr/texlive/2020/texmf-dist/tex/latex/amscls/amsart.cls
Document Class: amsart 2017/10/31 v2.20.4
\linespacing=\dimen134
\normalparindent=\dimen135
\normaltopskip=\skip47
(c:/usr/texlive/2020/texmf-dist/tex/latex/amsmath/amsmath.sty
Package: amsmath 2020/01/20 v2.17e AMS math features
\@mathmargin=\skip48

For additional information on amsmath, use the `?' option.
(c:/usr/texlive/2020/texmf-dist/tex/latex/amsmath/amstext.sty
Package: amstext 2000/06/29 v2.01 AMS text

(c:/usr/texlive/2020/texmf-dist/tex/latex/amsmath/amsgen.sty
File: amsgen.sty 1999/11/30 v2.0 generic functions
\@emptytoks=\toks15
\ex@=\dimen136
))
(c:/usr/texlive/2020/texmf-dist/tex/latex/amsmath/amsbsy.sty
Package: amsbsy 1999/11/29 v1.2d Bold Symbols
\pmbraise@=\dimen137
)
(c:/usr/texlive/2020/texmf-dist/tex/latex/amsmath/amsopn.sty
Package: amsopn 2016/03/08 v2.02 operator names
)
\inf@bad=\count167
LaTeX Info: Redefining \frac on input line 227.
\uproot@=\count168
\leftroot@=\count169
LaTeX Info: Redefining \overline on input line 389.
\classnum@=\count170
\DOTSCASE@=\count171
LaTeX Info: Redefining \ldots on input line 486.
LaTeX Info: Redefining \dots on input line 489.
LaTeX Info: Redefining \cdots on input line 610.
\Mathstrutbox@=\box45
\strutbox@=\box46
\big@size=\dimen138
LaTeX Font Info:    Redeclaring font encoding OML on input line 733.
LaTeX Font Info:    Redeclaring font encoding OMS on input line 734.
\macc@depth=\count172
\c@MaxMatrixCols=\count173
\dotsspace@=\muskip16
\c@parentequation=\count174
\dspbrk@lvl=\count175
\tag@help=\toks16
\row@=\count176
\column@=\count177
\maxfields@=\count178
\andhelp@=\toks17
\eqnshift@=\dimen139
\alignsep@=\dimen140
\tagshift@=\dimen141
\tagwidth@=\dimen142
\totwidth@=\dimen143
\lineht@=\dimen144
\@envbody=\toks18
\multlinegap=\skip49
\multlinetaggap=\skip50
\mathdisplay@stack=\toks19
LaTeX Info: Redefining \[ on input line 2859.
LaTeX Info: Redefining \] on input line 2860.
)
LaTeX Font Info:    Trying to load font information for U+msa on input line 398
.

(c:/usr/texlive/2020/texmf-dist/tex/latex/amsfonts/umsa.fd
File: umsa.fd 2013/01/14 v3.01 AMS symbols A
)
(c:/usr/texlive/2020/texmf-dist/tex/latex/amsfonts/amsfonts.sty
Package: amsfonts 2013/01/14 v3.01 Basic AMSFonts support
\symAMSa=\mathgroup4
\symAMSb=\mathgroup5
LaTeX Font Info:    Redeclaring math symbol \hbar on input line 98.
LaTeX Font Info:    Overwriting math alphabet `\mathfrak' in version `bold'
(Font)                  U/euf/m/n --> U/euf/b/n on input line 106.
)
\copyins=\insert199
\abstractbox=\box47
\listisep=\skip51
\c@part=\count179
\c@section=\count180
\c@subsection=\count181
\c@subsubsection=\count182
\c@paragraph=\count183
\c@subparagraph=\count184
\c@figure=\count185
\c@table=\count186
\abovecaptionskip=\skip52
\belowcaptionskip=\skip53
\captionindent=\dimen145
\thm@style=\toks20
\thm@bodyfont=\toks21
\thm@headfont=\toks22
\thm@notefont=\toks23
\thm@headpunct=\toks24
\thm@preskip=\skip54
\thm@postskip=\skip55
\thm@headsep=\skip56
\dth@everypar=\toks25
)
(c:/usr/texlive/2020/texmf-dist/tex/latex/units/units.sty
Package: units 1998/08/04 v0.9b Typesetting units

(c:/usr/texlive/2020/texmf-dist/tex/latex/base/ifthen.sty
Package: ifthen 2014/09/29 v1.1c Standard LaTeX ifthen package (DPC)
)
(c:/usr/texlive/2020/texmf-dist/tex/latex/units/nicefrac.sty
Package: nicefrac 1998/08/04 v0.9b Nice fractions
\L@UnitsRaiseDisplaystyle=\skip57
\L@UnitsRaiseTextstyle=\skip58
\L@UnitsRaiseScriptstyle=\skip59
))
(c:/usr/texlive/2020/texmf-dist/tex/latex/multirow/multirow.sty
Package: multirow 2019/05/31 v2.5 Span multiple rows of a table
\multirow@colwidth=\skip60
\multirow@cntb=\count187
\multirow@dima=\skip61
\bigstrutjot=\dimen146
)
(c:/usr/texlive/2020/texmf-dist/tex/latex/amsfonts/amssymb.sty
Package: amssymb 2013/01/14 v3.01 AMS font symbols
)
(c:/usr/texlive/2020/texmf-dist/tex/latex/tools/enumerate.sty
Package: enumerate 2015/07/23 v3.00 enumerate extensions (DPC)
\@enLab=\toks26
)
(c:/usr/texlive/2020/texmf-dist/tex/latex/cite/cite.sty
LaTeX Info: Redefining \cite on input line 302.
LaTeX Info: Redefining \nocite on input line 332.
Package: cite 2015/02/27  v 5.5
)
(c:/usr/texlive/2020/texmf-dist/tex/latex/tools/array.sty
Package: array 2019/08/31 v2.4l Tabular extension package (FMi)
\col@sep=\dimen147
\ar@mcellbox=\box48
\extrarowheight=\dimen148
\NC@list=\toks27
\extratabsurround=\skip62
\backup@length=\skip63
\ar@cellbox=\box49
)
(c:/usr/texlive/2020/texmf-dist/tex/latex/arydshln/arydshln.sty
Package: arydshln 2019/02/21 v1.76 
\dashlinedash=\dimen149
\dashlinegap=\dimen150
\adl@box=\box50
\adl@height=\dimen151
\adl@heightsave=\dimen152
\adl@depth=\dimen153
\adl@depthsave=\dimen154
\adl@finaldepth=\dimen155
\adl@columns=\count188
\adl@ncol=\count189
\adl@currentcolumn=\count190
\adl@currentcolumnsave=\count191
\adl@totalheight=\count192
\adl@totalheightsave=\count193
\adl@dash=\count194
\adl@gap=\count195
\adl@cla=\count196
\adl@clb=\count197
\adl@everyvbox=\toks28
\adl@LTpagetotal=\dimen156
)
(c:/usr/texlive/2020/texmf-dist/tex/latex/graphics/graphicx.sty
Package: graphicx 2019/11/30 v1.2a Enhanced LaTeX Graphics (DPC,SPQR)

(c:/usr/texlive/2020/texmf-dist/tex/latex/graphics/keyval.sty
Package: keyval 2014/10/28 v1.15 key=value parser (DPC)
\KV@toks@=\toks29
)
(c:/usr/texlive/2020/texmf-dist/tex/latex/graphics/graphics.sty
Package: graphics 2019/11/30 v1.4a Standard LaTeX Graphics (DPC,SPQR)

(c:/usr/texlive/2020/texmf-dist/tex/latex/graphics/trig.sty
Package: trig 2016/01/03 v1.10 sin cos tan (DPC)
)
(c:/usr/texlive/2020/texmf-dist/tex/latex/graphics-cfg/graphics.cfg
File: graphics.cfg 2016/06/04 v1.11 sample graphics configuration
)
Package graphics Info: Driver file: pdftex.def on input line 105.

(c:/usr/texlive/2020/texmf-dist/tex/latex/graphics-def/pdftex.def
File: pdftex.def 2018/01/08 v1.0l Graphics/color driver for pdftex
))
\Gin@req@height=\dimen157
\Gin@req@width=\dimen158
)
(c:/usr/texlive/2020/texmf-dist/tex/latex/graphics/rotating.sty
Package: rotating 2016/08/11 v2.16d rotated objects in LaTeX
\c@r@tfl@t=\count198
\rotFPtop=\skip64
\rotFPbot=\skip65
\rot@float@box=\box51
\rot@mess@toks=\toks30
)
(c:/usr/texlive/2020/texmf-dist/tex/generic/iftex/ifpdf.sty
Package: ifpdf 2019/10/25 v3.4 ifpdf legacy package. Use iftex instead.

(c:/usr/texlive/2020/texmf-dist/tex/generic/iftex/iftex.sty
Package: iftex 2020/03/06 v1.0d TeX engine tests
))
(c:/usr/texlive/2020/texmf-dist/tex/generic/xypic/xy.sty
(c:/usr/texlive/2020/texmf-dist/tex/generic/xypic/xy.tex Bootstrap'ing:
catcodes, docmode,
(c:/usr/texlive/2020/texmf-dist/tex/generic/xypic/xyrecat.tex)
(c:/usr/texlive/2020/texmf-dist/tex/generic/xypic/xyidioms.tex)

 Xy-pic version 3.8.9 <2013/10/06>
 Copyright (c) 1991-2013 by Kristoffer H. Rose <krisrose@tug.org> and others
 Xy-pic is free software: see the User's Guide for details.

Loading kernel: messages; fonts; allocations: state,
\X@c=\dimen159
\Y@c=\dimen160
\U@c=\dimen161
\D@c=\dimen162
\L@c=\dimen163
\R@c=\dimen164
\Edge@c=\toks31
\X@p=\dimen165
\Y@p=\dimen166
\U@p=\dimen167
\D@p=\dimen168
\L@p=\dimen169
\R@p=\dimen170
\Edge@p=\toks32
\X@origin=\dimen171
\Y@origin=\dimen172
\X@xbase=\dimen173
\Y@xbase=\dimen174
\X@ybase=\dimen175
\Y@ybase=\dimen176
\X@min=\dimen177
\Y@min=\dimen178
\X@max=\dimen179
\Y@max=\dimen180
\lastobjectbox@=\box52
\zerodotbox@=\box53
\almostz@=\dimen181
 direction,
\d@X=\dimen182
\d@Y=\dimen183
\K@=\count266
\KK@=\count267
\Direction=\count268
\K@dXdY=\dimen184
\K@dYdX=\dimen185
\xyread@=\read2
\xywrite@=\write3
\csp@=\count269
\quotPTK@=\dimen186

utility macros; pictures: \xy, positions,
\swaptoks@@=\toks33
\connectobjectbox@@=\box54
 objects,
\styletoks@=\toks34
 decorations;
kernel objects: directionals, circles, text; options; algorithms: directions,
edges, connections;  Xy-pic loaded)
Package: xy 2013/10/06 Xy-pic version 3.8.9

(c:/usr/texlive/2020/texmf-dist/tex/generic/xypic/xyall.tex
 Xy-pic option: All features v.3.8
(c:/usr/texlive/2020/texmf-dist/tex/generic/xypic/xycurve.tex
 Xy-pic option: Curve and Spline extension v.3.12 curve,
\crv@cnt@=\count270
\crvpts@=\toks35
\splinebox@=\box55
\splineval@=\dimen187
\splinedepth@=\dimen188
\splinetol@=\dimen189
\splinelength@=\dimen190
 circles,
\L@=\dimen191
 loaded)
(c:/usr/texlive/2020/texmf-dist/tex/generic/xypic/xyframe.tex
 Xy-pic option: Frame and Bracket extension v.3.14 loaded)
(c:/usr/texlive/2020/texmf-dist/tex/generic/xypic/xycmtip.tex
 Xy-pic option: Computer Modern tip extension v.3.7
(c:/usr/texlive/2020/texmf-dist/tex/generic/xypic/xytips.tex
 Xy-pic option: More Tips extension v.3.11 loaded) loaded)
(c:/usr/texlive/2020/texmf-dist/tex/generic/xypic/xyline.tex
 Xy-pic option: Line styles extension v.3.10
\xylinethick@=\dimen192
 loaded)
(c:/usr/texlive/2020/texmf-dist/tex/generic/xypic/xyrotate.tex
 Xy-pic option: Rotate and Scale extension v.3.8 loaded)
(c:/usr/texlive/2020/texmf-dist/tex/generic/xypic/xycolor.tex
 Xy-pic option: Colour extension v.3.11 loaded)
(c:/usr/texlive/2020/texmf-dist/tex/generic/xypic/xymatrix.tex
 Xy-pic option: Matrix feature v.3.14
\Row=\count271
\Col=\count272
\queue@=\toks36
\queue@@=\toks37
\qcount@=\count273
\qcount@@=\count274
\matrixsize@=\count275
 loaded)
(c:/usr/texlive/2020/texmf-dist/tex/generic/xypic/xyarrow.tex
 Xy-pic option: Arrow and Path feature v.3.9 path, \ar, loaded)
(c:/usr/texlive/2020/texmf-dist/tex/generic/xypic/xygraph.tex
 Xy-pic option: Graph feature v.3.11 loaded) loaded)
(c:/usr/texlive/2020/texmf-dist/tex/generic/xypic/xypdf.tex
 Xy-pic option: PDF driver v.1.7 Xy-pic pdf driver: `color' extension support
(c:/usr/texlive/2020/texmf-dist/tex/generic/xypic/xypdf-co.tex loaded)
Xy-pic pdf driver: `curve' extension support
(c:/usr/texlive/2020/texmf-dist/tex/generic/xypic/xypdf-cu.tex loaded)
Xy-pic pdf driver: `frame' extension support
(c:/usr/texlive/2020/texmf-dist/tex/generic/xypic/xypdf-fr.tex loaded)
Xy-pic pdf driver: `line' extension support
(c:/usr/texlive/2020/texmf-dist/tex/generic/xypic/xypdf-li.tex loaded)
Xy-pic pdf driver: `rotate' extension support
(c:/usr/texlive/2020/texmf-dist/tex/generic/xypic/xypdf-ro.tex loaded) loaded))
(c:/usr/texlive/2020/texmf-dist/tex/latex/base/latexsym.sty
Package: latexsym 1998/08/17 v2.2e Standard LaTeX package (lasy symbols)
\symlasy=\mathgroup6
LaTeX Font Info:    Overwriting symbol font `lasy' in version `bold'
(Font)                  U/lasy/m/n --> U/lasy/b/n on input line 52.
)
(c:/usr/texlive/2020/texmf-dist/tex/latex/hyperref/hyperref.sty
Package: hyperref 2020/01/14 v7.00d Hypertext links for LaTeX

(c:/usr/texlive/2020/texmf-dist/tex/generic/ltxcmds/ltxcmds.sty
Package: ltxcmds 2019/12/15 v1.24 LaTeX kernel commands for general use (HO)
)
(c:/usr/texlive/2020/texmf-dist/tex/latex/pdftexcmds/pdftexcmds.sty
Package: pdftexcmds 2019/11/24 v0.31 Utility functions of pdfTeX for LuaTeX (HO
)

(c:/usr/texlive/2020/texmf-dist/tex/generic/infwarerr/infwarerr.sty
Package: infwarerr 2019/12/03 v1.5 Providing info/warning/error messages (HO)
)
Package pdftexcmds Info: \pdf@primitive is available.
Package pdftexcmds Info: \pdf@ifprimitive is available.
Package pdftexcmds Info: \pdfdraftmode found.
)
(c:/usr/texlive/2020/texmf-dist/tex/generic/kvsetkeys/kvsetkeys.sty
Package: kvsetkeys 2019/12/15 v1.18 Key value parser (HO)
)
(c:/usr/texlive/2020/texmf-dist/tex/generic/kvdefinekeys/kvdefinekeys.sty
Package: kvdefinekeys 2019-12-19 v1.6 Define keys (HO)
)
(c:/usr/texlive/2020/texmf-dist/tex/generic/pdfescape/pdfescape.sty
Package: pdfescape 2019/12/09 v1.15 Implements pdfTeX's escape features (HO)
)
(c:/usr/texlive/2020/texmf-dist/tex/latex/hycolor/hycolor.sty
Package: hycolor 2020-01-27 v1.10 Color options for hyperref/bookmark (HO)
)
(c:/usr/texlive/2020/texmf-dist/tex/latex/letltxmacro/letltxmacro.sty
Package: letltxmacro 2019/12/03 v1.6 Let assignment for LaTeX macros (HO)
)
(c:/usr/texlive/2020/texmf-dist/tex/latex/auxhook/auxhook.sty
Package: auxhook 2019-12-17 v1.6 Hooks for auxiliary files (HO)
)
(c:/usr/texlive/2020/texmf-dist/tex/latex/kvoptions/kvoptions.sty
Package: kvoptions 2019/11/29 v3.13 Key value format for package options (HO)
)
\@linkdim=\dimen193
\Hy@linkcounter=\count276
\Hy@pagecounter=\count277

(c:/usr/texlive/2020/texmf-dist/tex/latex/hyperref/pd1enc.def
File: pd1enc.def 2020/01/14 v7.00d Hyperref: PDFDocEncoding definition (HO)
Now handling font encoding PD1 ...
... no UTF-8 mapping file for font encoding PD1
)
(c:/usr/texlive/2020/texmf-dist/tex/generic/intcalc/intcalc.sty
Package: intcalc 2019/12/15 v1.3 Expandable calculations with integers (HO)
)
(c:/usr/texlive/2020/texmf-dist/tex/generic/etexcmds/etexcmds.sty
Package: etexcmds 2019/12/15 v1.7 Avoid name clashes with e-TeX commands (HO)
)
\Hy@SavedSpaceFactor=\count278
Package hyperref Info: Hyper figures OFF on input line 4547.
Package hyperref Info: Link nesting OFF on input line 4552.
Package hyperref Info: Hyper index ON on input line 4555.
Package hyperref Info: Plain pages OFF on input line 4562.
Package hyperref Info: Backreferencing OFF on input line 4567.
Package hyperref Info: Implicit mode ON; LaTeX internals redefined.
Package hyperref Info: Bookmarks ON on input line 4800.
\c@Hy@tempcnt=\count279

(c:/usr/texlive/2020/texmf-dist/tex/latex/url/url.sty
\Urlmuskip=\muskip17
Package: url 2013/09/16  ver 3.4  Verb mode for urls, etc.
)
LaTeX Info: Redefining \url on input line 5159.
\XeTeXLinkMargin=\dimen194

(c:/usr/texlive/2020/texmf-dist/tex/generic/bitset/bitset.sty
Package: bitset 2019/12/09 v1.3 Handle bit-vector datatype (HO)

(c:/usr/texlive/2020/texmf-dist/tex/generic/bigintcalc/bigintcalc.sty
Package: bigintcalc 2019/12/15 v1.5 Expandable calculations on big integers (HO
)
))
\Fld@menulength=\count280
\Field@Width=\dimen195
\Fld@charsize=\dimen196
Package hyperref Info: Hyper figures OFF on input line 6430.
Package hyperref Info: Link nesting OFF on input line 6435.
Package hyperref Info: Hyper index ON on input line 6438.
Package hyperref Info: backreferencing OFF on input line 6445.
Package hyperref Info: Link coloring OFF on input line 6450.
Package hyperref Info: Link coloring with OCG OFF on input line 6455.
Package hyperref Info: PDF/A mode OFF on input line 6460.
LaTeX Info: Redefining \ref on input line 6500.
LaTeX Info: Redefining \pageref on input line 6504.

(c:/usr/texlive/2020/texmf-dist/tex/generic/atbegshi/atbegshi.sty
Package: atbegshi 2019/12/05 v1.19 At begin shipout hook (HO)
)
\Hy@abspage=\count281
\c@Item=\count282
\c@Hfootnote=\count283
)
Package hyperref Info: Driver (autodetected): hpdftex.

(c:/usr/texlive/2020/texmf-dist/tex/latex/hyperref/hpdftex.def
File: hpdftex.def 2020/01/14 v7.00d Hyperref driver for pdfTeX

(c:/usr/texlive/2020/texmf-dist/tex/latex/atveryend/atveryend.sty
Package: atveryend 2019-12-11 v1.11 Hooks at the very end of document (HO)
Package atveryend Info: \enddocument detected (standard20110627).
)
\Fld@listcount=\count284
\c@bookmark@seq@number=\count285

(c:/usr/texlive/2020/texmf-dist/tex/latex/rerunfilecheck/rerunfilecheck.sty
Package: rerunfilecheck 2019/12/05 v1.9 Rerun checks for auxiliary files (HO)

(c:/usr/texlive/2020/texmf-dist/tex/generic/uniquecounter/uniquecounter.sty
Package: uniquecounter 2019/12/15 v1.4 Provide unlimited unique counter (HO)
)
Package uniquecounter Info: New unique counter `rerunfilecheck' on input line 2
86.
)
\Hy@SectionHShift=\skip66
)
(c:/usr/texlive/2020/texmf-dist/tex/latex/graphics/color.sty
Package: color 2019/11/23 v1.2a Standard LaTeX Color (DPC)

(c:/usr/texlive/2020/texmf-dist/tex/latex/graphics-cfg/color.cfg
File: color.cfg 2016/01/02 v1.6 sample color configuration
)
Package color Info: Driver file: pdftex.def on input line 147.
)
(c:/usr/texlive/2020/texmf-dist/tex/latex/wrapfig/wrapfig.sty
\wrapoverhang=\dimen197
\WF@size=\dimen198
\c@WF@wrappedlines=\count286
\WF@box=\box56
\WF@everypar=\toks38
Package: wrapfig 2003/01/31  v 3.6
)
(c:/usr/texlive/2020/texmf-dist/tex/latex/caption/caption.sty
Package: caption 2020/01/03 v3.4h Customizing captions (AR)

(c:/usr/texlive/2020/texmf-dist/tex/latex/caption/caption3.sty
Package: caption3 2020/01/03 v1.8h caption3 kernel (AR)
Package caption3 Info: TeX engine: e-TeX on input line 61.
\captionmargin=\dimen256
\captionmargin@=\dimen257
\captionwidth=\dimen258
\caption@tempdima=\dimen259
\caption@indent=\dimen260
\caption@parindent=\dimen261
\caption@hangindent=\dimen262
Package caption Info: AMS or SMF document class detected.
)
Package caption Info: AMS or SMF document class.
\c@caption@flags=\count287
\c@continuedfloat=\count288
Package caption Info: hyperref package is loaded.
Package caption Info: rotating package is loaded.
Package caption Info: wrapfig package is loaded.
)
(c:/usr/texlive/2020/texmf-dist/tex/latex/blkarray/blkarray.sty
Package: blkarray 2015/02/27 v0.07 Block array (dpc)
\c@BAenumi=\count289
\BA@col=\count290
\BA@block@cnt=\count291
\BA@final@box=\box57
\BA@first@box=\box58
\BA@colsep=\dimen263
\BA@ftn=\toks39
\BAextrarowheight=\dimen264
\BAextraheightafterhline=\dimen265
\BAarrayrulewidth=\dimen266
\BAdoublerulesep=\dimen267
\BAfootskip=\dimen268
\BA@dashbox=\box59
\BA@ddashbox=\box60
)
\c@thm=\count292

(c:/usr/texlive/2020/texmf-dist/tex/latex/l3backend/l3backend-pdfmode.def
File: l3backend-pdfmode.def 2020-03-12 L3 backend support: PDF mode
\l__kernel_color_stack_int=\count293
\l__pdf_internal_box=\box61
)
(./OffsetPrinting.aux)
\openout1 = `OffsetPrinting.aux'.

LaTeX Font Info:    Checking defaults for OML/cmm/m/it on input line 144.
LaTeX Font Info:    ... okay on input line 144.
LaTeX Font Info:    Checking defaults for OMS/cmsy/m/n on input line 144.
LaTeX Font Info:    ... okay on input line 144.
LaTeX Font Info:    Checking defaults for OT1/cmr/m/n on input line 144.
LaTeX Font Info:    ... okay on input line 144.
LaTeX Font Info:    Checking defaults for T1/cmr/m/n on input line 144.
LaTeX Font Info:    ... okay on input line 144.
LaTeX Font Info:    Checking defaults for TS1/cmr/m/n on input line 144.
LaTeX Font Info:    ... okay on input line 144.
LaTeX Font Info:    Checking defaults for OMX/cmex/m/n on input line 144.
LaTeX Font Info:    ... okay on input line 144.
LaTeX Font Info:    Checking defaults for U/cmr/m/n on input line 144.
LaTeX Font Info:    ... okay on input line 144.
LaTeX Font Info:    Checking defaults for PD1/pdf/m/n on input line 144.
LaTeX Font Info:    ... okay on input line 144.
LaTeX Font Info:    Trying to load font information for U+msa on input line 144
.

(c:/usr/texlive/2020/texmf-dist/tex/latex/amsfonts/umsa.fd
File: umsa.fd 2013/01/14 v3.01 AMS symbols A
)
LaTeX Font Info:    Trying to load font information for U+msb on input line 144
.

(c:/usr/texlive/2020/texmf-dist/tex/latex/amsfonts/umsb.fd
File: umsb.fd 2013/01/14 v3.01 AMS symbols B
)
LaTeX Font Info:    Trying to load font information for U+lasy on input line 14
4.

(c:/usr/texlive/2020/texmf-dist/tex/latex/base/ulasy.fd
File: ulasy.fd 1998/08/17 v2.2e LaTeX symbol font definitions
)
(c:/usr/texlive/2020/texmf-dist/tex/context/base/mkii/supp-pdf.mkii
[Loading MPS to PDF converter (version 2006.09.02).]
\scratchcounter=\count294
\scratchdimen=\dimen269
\scratchbox=\box62
\nofMPsegments=\count295
\nofMParguments=\count296
\everyMPshowfont=\toks40
\MPscratchCnt=\count297
\MPscratchDim=\dimen270
\MPnumerator=\count298
\makeMPintoPDFobject=\count299
\everyMPtoPDFconversion=\toks41
) (c:/usr/texlive/2020/texmf-dist/tex/latex/epstopdf-pkg/epstopdf-base.sty
Package: epstopdf-base 2020-01-24 v2.11 Base part for package epstopdf
Package epstopdf-base Info: Redefining graphics rule for `.eps' on input line 4
85.

(c:/usr/texlive/2020/texmf-dist/tex/latex/latexconfig/epstopdf-sys.cfg
File: epstopdf-sys.cfg 2010/07/13 v1.3 Configuration of (r)epstopdf for TeX Liv
e
))
Package xypdf Info: Line width: 0.39998pt on input line 144.
\AtBeginShipoutBox=\box63
Package hyperref Info: Link coloring OFF on input line 144.

(c:/usr/texlive/2020/texmf-dist/tex/latex/hyperref/nameref.sty
Package: nameref 2019/09/16 v2.46 Cross-referencing by name of section

(c:/usr/texlive/2020/texmf-dist/tex/latex/refcount/refcount.sty
Package: refcount 2019/12/15 v3.6 Data extraction from label references (HO)
)
(c:/usr/texlive/2020/texmf-dist/tex/generic/gettitlestring/gettitlestring.sty
Package: gettitlestring 2019/12/15 v1.6 Cleanup title references (HO)
)
\c@section@level=\count300
)
LaTeX Info: Redefining \ref on input line 144.
LaTeX Info: Redefining \pageref on input line 144.
LaTeX Info: Redefining \nameref on input line 144.
(./OffsetPrinting.out) (./OffsetPrinting.out)
\@outlinefile=\write4
\openout4 = `OffsetPrinting.out'.

Package caption Info: Begin \AtBeginDocument code.
Package caption Info: End \AtBeginDocument code.


pdfTeX warning: pdflatex.exe (file ./OffsetPrint.pdf): PDF inclusion: found PDF
 version <1.7>, but at most version <1.5> allowed
<OffsetPrint.pdf, id=44, 967.33392pt x 384.11504pt>
File: OffsetPrint.pdf Graphic file (type pdf)
<use OffsetPrint.pdf>
Package pdftex.def Info: OffsetPrint.pdf  used on input line 197.
(pdftex.def)             Requested size: 199.16928pt x 79.08403pt.
[1{c:/usr/texlive/2020/texmf-var/fonts/map/pdftex/updmap/pdftex.map}]

pdfTeX warning: pdflatex.exe (file ./AirHuarache.pdf): PDF inclusion: found PDF
 version <1.7>, but at most version <1.5> allowed
<AirHuarache.pdf, id=77, 203.25937pt x 100.87688pt>
File: AirHuarache.pdf Graphic file (type pdf)
<use AirHuarache.pdf>
Package pdftex.def Info: AirHuarache.pdf  used on input line 214.
(pdftex.def)             Requested size: 184.9429pt x 91.79039pt.

LaTeX Warning: The counter will not be printed.
             The label is: * on input line 229.

[2 <./OffsetPrint.pdf> <./AirHuarache.pdf>]
<PlateLabel.pdf, id=103, 511.9125pt x 514.92375pt>
File: PlateLabel.pdf Graphic file (type pdf)
<use PlateLabel.pdf>
Package pdftex.def Info: PlateLabel.pdf  used on input line 237.
(pdftex.def)             Requested size: 113.81102pt x 114.47784pt.

Underfull \hbox (badness 2818) in paragraph at lines 238--238
[]\OT1/cmr/m/sc/10 Figure 2.1.|\OT1/cmr/m/n/10 Plate and
 []

<OrderForm.pdf, id=105, 697.60625pt x 502.87875pt>
File: OrderForm.pdf Graphic file (type pdf)
<use OrderForm.pdf>
Package pdftex.def Info: OrderForm.pdf  used on input line 252.
(pdftex.def)             Requested size: 697.60454pt x 502.87752pt.


pdfTeX warning: pdflatex.exe (file ./SortingReport.pdf): PDF inclusion: found P
DF version <1.7>, but at most version <1.5> allowed
<SortingReport.pdf, id=106, 845.07724pt x 597.55246pt>
File: SortingReport.pdf Graphic file (type pdf)
<use SortingReport.pdf>
Package pdftex.def Info: SortingReport.pdf  used on input line 252.
(pdftex.def)             Requested size: 845.07518pt x 597.551pt.

Overfull \hbox (38.33414pt too wide) in paragraph at lines 252--252
 [][] 
 []


LaTeX Warning: The counter will not be printed.
             The label is: $\bullet $ on input line 259.

[3 <./PlateLabel.pdf> <./orderform.pdf> <./SortingReport.pdf>]
<MainFChart.pdf, id=154, 712.6625pt x 1543.7675pt>
File: MainFChart.pdf Graphic file (type pdf)
<use MainFChart.pdf>
Package pdftex.def Info: MainFChart.pdf  used on input line 301.
(pdftex.def)             Requested size: 113.81102pt x 246.53673pt.


LaTeX Warning: `!h' float specifier changed to `!ht'.

<SubFChart.pdf, id=157, 1554.80875pt x 1890.06125pt>
File: SubFChart.pdf Graphic file (type pdf)
<use SubFChart.pdf>
Package pdftex.def Info: SubFChart.pdf  used on input line 314.
(pdftex.def)             Requested size: 227.62204pt x 276.69072pt.

LaTeX Warning: `!h' float specifier changed to `!ht'.

[4] [5 <./MainFChart.pdf> <./SubFChart.pdf>]
<ex11.pdf, id=244, 876.27374pt x 522.95375pt>
File: ex11.pdf Graphic file (type pdf)
<use ex11.pdf>
Package pdftex.def Info: ex11.pdf  used on input line 358.
(pdftex.def)             Requested size: 170.71652pt x 101.87582pt.
<ex12.pdf, id=248, 591.20876pt x 462.72874pt>
File: ex12.pdf Graphic file (type pdf)
<use ex12.pdf>
Package pdftex.def Info: ex12.pdf  used on input line 373.
(pdftex.def)             Requested size: 113.81102pt x 89.07732pt.
 [6 <./ex11.pdf> <./ex12.pdf>]
<ex21.pdf, id=356, 417.56pt x 466.74374pt>
File: ex21.pdf Graphic file (type pdf)
<use ex21.pdf>
Package pdftex.def Info: ex21.pdf  used on input line 391.
(pdftex.def)             Requested size: 99.58464pt x 111.3086pt.
<ex22.pdf, id=360, 416.55624pt x 466.74374pt>
File: ex22.pdf Graphic file (type pdf)
<use ex22.pdf>
Package pdftex.def Info: ex22.pdf  used on input line 404.
(pdftex.def)             Requested size: 99.58464pt x 111.57922pt.


LaTeX Warning: `!h' float specifier changed to `!ht'.


LaTeX Warning: `!h' float specifier changed to `!ht'.

[7 <./ex21.pdf> <./ex22.pdf>]
<Graph_2.pdf, id=453, 963.6pt x 542.025pt>
File: Graph_2.pdf Graphic file (type pdf)
<use Graph_2.pdf>
Package pdftex.def Info: Graph_2.pdf  used on input line 567.
(pdftex.def)             Requested size: 312.9803pt x 176.04851pt.
 [8]

LaTeX Warning: The counter will not be printed.
             The label is: $\bullet $ on input line 574.

<vartest.png, id=461, 502.87875pt x 172.39406pt>
File: vartest.png Graphic file (type png)
<use vartest.png>
Package pdftex.def Info: vartest.png  used on input line 593.
(pdftex.def)             Requested size: 227.62204pt x 78.03168pt.
[9 <./Graph_2.pdf> <./vartest.png>]
<ttest.png, id=493, 510.40688pt x 177.66376pt>
File: ttest.png Graphic file (type png)
<use ttest.png>
Package pdftex.def Info: ttest.png  used on input line 605.
(pdftex.def)             Requested size: 227.62204pt x 79.23225pt.
<Graph_3.png, id=496, 501.37312pt x 414.79968pt>
File: Graph_3.png Graphic file (type png)
<use Graph_3.png>
Package pdftex.def Info: Graph_3.png  used on input line 626.
(pdftex.def)             Requested size: 213.39566pt x 176.5502pt.
 [10 <./ttest.png> <./Graph_3.png (PNG copy)>] (./OffsetPrinting.bbl)
Package atveryend Info: Empty hook `BeforeClearDocument' on input line 643.
 [11]
Package atveryend Info: Empty hook `AfterLastShipout' on input line 643.
 (./OffsetPrinting.aux)
Package atveryend Info: Executing hook `AtVeryEndDocument' on input line 643.
Package atveryend Info: Executing hook `AtEndAfterFileList' on input line 643.
Package rerunfilecheck Info: File `OffsetPrinting.out' has not changed.
(rerunfilecheck)             Checksum: 04FFC96C376E6417D36E51691D4BB56A;556.
Package atveryend Info: Empty hook `AtVeryVeryEnd' on input line 643.
 ) 
Here is how much of TeX's memory you used:
 11788 strings out of 480608
 167435 string characters out of 5905573
 501083 words of memory out of 5000000
 27181 multiletter control sequences out of 15000+600000
 542830 words of font info for 70 fonts, out of 8000000 for 9000
 1302 hyphenation exceptions out of 8191
 41i,12n,42p,3246b,424s stack positions out of 5000i,500n,10000p,200000b,80000s
<c:/usr/texlive/2020/texmf-dist/fonts/type1/public/amsfonts/cm/cmbx10.pfb><c:
/usr/texlive/2020/texmf-dist/fonts/type1/public/amsfonts/cm/cmbx7.pfb><c:/usr/t
exlive/2020/texmf-dist/fonts/type1/public/amsfonts/cm/cmcsc10.pfb><c:/usr/texli
ve/2020/texmf-dist/fonts/type1/public/amsfonts/cm/cmex10.pfb><c:/usr/texlive/20
20/texmf-dist/fonts/type1/public/amsfonts/cm/cmmi10.pfb><c:/usr/texlive/2020/te
xmf-dist/fonts/type1/public/amsfonts/cm/cmmi7.pfb><c:/usr/texlive/2020/texmf-di
st/fonts/type1/public/amsfonts/cm/cmr10.pfb><c:/usr/texlive/2020/texmf-dist/fon
ts/type1/public/amsfonts/cm/cmr5.pfb><c:/usr/texlive/2020/texmf-dist/fonts/type
1/public/amsfonts/cm/cmr7.pfb><c:/usr/texlive/2020/texmf-dist/fonts/type1/publi
c/amsfonts/cm/cmr8.pfb><c:/usr/texlive/2020/texmf-dist/fonts/type1/public/amsfo
nts/cm/cmsy10.pfb><c:/usr/texlive/2020/texmf-dist/fonts/type1/public/amsfonts/c
m/cmsy6.pfb><c:/usr/texlive/2020/texmf-dist/fonts/type1/public/amsfonts/cm/cmsy
7.pfb><c:/usr/texlive/2020/texmf-dist/fonts/type1/public/amsfonts/cm/cmti10.pfb
><c:/usr/texlive/2020/texmf-dist/fonts/type1/public/amsfonts/cm/cmti8.pfb><c:/u
sr/texlive/2020/texmf-dist/fonts/type1/public/amsfonts/cm/cmtt8.pfb>
Output written on OffsetPrinting.pdf (11 pages, 1289183 bytes).
PDF statistics:
 582 PDF objects out of 1000 (max. 8388607)
 435 compressed objects within 5 object streams
 80 named destinations out of 1000 (max. 500000)
 148 words of extra memory for PDF output out of 10000 (max. 10000000)

